<?xml version="1.0" encoding="UTF-8"?>
<!-- Generated by org.testng.reporters.JUnitXMLReporter -->
<testsuite hostname="L10ASO-PF0WLE4Y" name="Test" tests="5" failures="0" timestamp="1 Feb 2021 17:23:59 GMT" time="28.083" errors="0">
  <testcase name="launchautomationpractice" time="10.319" classname="jetblueScenarious.Scenario1"/>
  <testcase name="loginintoautomationpractice" time="7.158" classname="jetblueScenarious.Scenario1"/>
  <testcase name="selectcategoryandproduct" time="6.122" classname="jetblueScenarious.Scenario1"/>
  <testcase name="additemtocart" time="0.067" classname="jetblueScenarious.Scenario1"/>
  <testcase name="verifyaddtocardproduct" time="3.674" classname="jetblueScenarious.Scenario1"/>
</testsuite> <!-- Test -->
